<?xml version="1.0" encoding="UTF-8"?>
<testsuite name="com.tbsen.TableSentinelApplicationTests" tests="1" skipped="0" failures="0" errors="0" timestamp="2026-01-06T12:23:58.357Z" hostname="Mac-mini.local" time="0.331">
  <properties/>
  <testcase name="contextLoads()" classname="com.tbsen.TableSentinelApplicationTests" time="0.331"/>
  <system-out><![CDATA[21:23:57.746 [Test worker] INFO org.springframework.test.context.support.AnnotationConfigContextLoaderUtils -- Could not detect default configuration classes for test class [com.tbsen.TableSentinelApplicationTests]: TableSentinelApplicationTests does not declare any static, non-private, non-final, nested classes annotated with @Configuration.
21:23:57.787 [Test worker] INFO org.springframework.boot.test.context.SpringBootTestContextBootstrapper -- Found @SpringBootConfiguration com.tbsen.TableSentinelApplication for test class com.tbsen.TableSentinelApplicationTests

  .   ____          _            __ _ _
 /\\ / ___'_ __ _ _(_)_ __  __ _ \ \ \ \
( ( )\___ | '_ | '_| | '_ \/ _` | \ \ \ \
 \\/  ___)| |_)| | | | | || (_| |  ) ) ) )
  '  |____| .__|_| |_|_| |_\__, | / / / /
 =========|_|==============|___/=/_/_/_/

 :: Spring Boot ::                (v3.4.1)

2026-01-06T21:23:57.898+09:00  INFO 59910 --- [tableSentinel] [    Test worker] c.tbsen.TableSentinelApplicationTests    : Starting TableSentinelApplicationTests using Java 23.0.2 with PID 59910 (started by banseok in /Users/banseok/Git/tableSentinel/back-end)
2026-01-06T21:23:57.899+09:00  INFO 59910 --- [tableSentinel] [    Test worker] c.tbsen.TableSentinelApplicationTests    : No active profile set, falling back to 1 default profile: "default"
2026-01-06T21:23:58.248+09:00  INFO 59910 --- [tableSentinel] [    Test worker] g.s.a.GrpcServerFactoryAutoConfiguration : Detected grpc-netty-shaded: Creating ShadedNettyGrpcServerFactory
2026-01-06T21:23:58.305+09:00  INFO 59910 --- [tableSentinel] [    Test worker] n.d.b.g.s.s.AbstractGrpcServerFactory    : Registered gRPC service: com.tbsen.proto.FilterAgent, bean: filterAgentService, class: com.tbsen.service.FilterAgentService
2026-01-06T21:23:58.305+09:00  INFO 59910 --- [tableSentinel] [    Test worker] n.d.b.g.s.s.AbstractGrpcServerFactory    : Registered gRPC service: grpc.health.v1.Health, bean: grpcHealthService, class: io.grpc.protobuf.services.HealthServiceImpl
2026-01-06T21:23:58.305+09:00  INFO 59910 --- [tableSentinel] [    Test worker] n.d.b.g.s.s.AbstractGrpcServerFactory    : Registered gRPC service: grpc.reflection.v1alpha.ServerReflection, bean: protoReflectionService, class: io.grpc.protobuf.services.ProtoReflectionService
2026-01-06T21:23:58.344+09:00  INFO 59910 --- [tableSentinel] [    Test worker] n.d.b.g.s.s.GrpcServerLifecycle          : gRPC Server started, listening on address: *, port: 8081
2026-01-06T21:23:58.353+09:00  INFO 59910 --- [tableSentinel] [    Test worker] c.tbsen.TableSentinelApplicationTests    : Started TableSentinelApplicationTests in 0.524 seconds (process running for 0.931)
]]></system-out>
  <system-err><![CDATA[Mockito is currently self-attaching to enable the inline-mock-maker. This will no longer work in future releases of the JDK. Please add Mockito as an agent to your build what is described in Mockito's documentation: https://javadoc.io/doc/org.mockito/mockito-core/latest/org/mockito/Mockito.html#0.3
WARNING: A Java agent has been loaded dynamically (/Users/banseok/.gradle/caches/modules-2/files-2.1/net.bytebuddy/byte-buddy-agent/1.15.11/a38b16385e867f59a641330f0362ebe742788ed8/byte-buddy-agent-1.15.11.jar)
WARNING: If a serviceability tool is in use, please run with -XX:+EnableDynamicAgentLoading to hide this warning
WARNING: If a serviceability tool is not in use, please run with -Djdk.instrument.traceUsage for more information
WARNING: Dynamic loading of agents will be disallowed by default in a future release
]]></system-err>
</testsuite>
