<?xml version="1.0" encoding="UTF-8"?>
<testsuite name="internal.app.tableSentinel.TableSentinelApplicationTests" tests="1" skipped="0" failures="0" errors="0" timestamp="2025-12-08T13:32:30.515Z" hostname="Mac-mini.local" time="0.324">
  <properties/>
  <testcase name="contextLoads()" classname="internal.app.tableSentinel.TableSentinelApplicationTests" time="0.324"/>
  <system-out><![CDATA[22:32:29.988 [Test worker] INFO org.springframework.test.context.support.AnnotationConfigContextLoaderUtils -- Could not detect default configuration classes for test class [internal.app.tableSentinel.TableSentinelApplicationTests]: TableSentinelApplicationTests does not declare any static, non-private, non-final, nested classes annotated with @Configuration.
22:32:30.027 [Test worker] INFO org.springframework.boot.test.context.SpringBootTestContextBootstrapper -- Found @SpringBootConfiguration internal.app.tableSentinel.TableSentinelApplication for test class internal.app.tableSentinel.TableSentinelApplicationTests

  .   ____          _            __ _ _
 /\\ / ___'_ __ _ _(_)_ __  __ _ \ \ \ \
( ( )\___ | '_ | '_| | '_ \/ _` | \ \ \ \
 \\/  ___)| |_)| | | | | || (_| |  ) ) ) )
  '  |____| .__|_| |_|_| |_\__, | / / / /
 =========|_|==============|___/=/_/_/_/

 :: Spring Boot ::                (v3.5.6)

2025-12-08T22:32:30.167+09:00  INFO 80906 --- [tableSentinel] [    Test worker] i.a.t.TableSentinelApplicationTests      : Starting TableSentinelApplicationTests using Java 21.0.8 with PID 80906 (started by banseok in /Users/banseok/Git/tableSentinel/back-end)
2025-12-08T22:32:30.168+09:00  INFO 80906 --- [tableSentinel] [    Test worker] i.a.t.TableSentinelApplicationTests      : No active profile set, falling back to 1 default profile: "default"
2025-12-08T22:32:30.511+09:00  INFO 80906 --- [tableSentinel] [    Test worker] i.a.t.TableSentinelApplicationTests      : Started TableSentinelApplicationTests in 0.423 seconds (process running for 0.803)
]]></system-out>
  <system-err><![CDATA[Mockito is currently self-attaching to enable the inline-mock-maker. This will no longer work in future releases of the JDK. Please add Mockito as an agent to your build as described in Mockito's documentation: https://javadoc.io/doc/org.mockito/mockito-core/latest/org.mockito/org/mockito/Mockito.html#0.3
WARNING: A Java agent has been loaded dynamically (/Users/banseok/.gradle/caches/modules-2/files-2.1/net.bytebuddy/byte-buddy-agent/1.17.7/fbf3d6d649ed37fc9e9c59480a05be0a26e3c2da/byte-buddy-agent-1.17.7.jar)
WARNING: If a serviceability tool is in use, please run with -XX:+EnableDynamicAgentLoading to hide this warning
WARNING: If a serviceability tool is not in use, please run with -Djdk.instrument.traceUsage for more information
WARNING: Dynamic loading of agents will be disallowed by default in a future release
]]></system-err>
</testsuite>
